<?xml version="1.0" encoding="UTF-8"?>
<!-- Generated by org.testng.reporters.JUnitXMLReporter -->
<testsuite hostname="DESKTOP-56T3BOV" ignored="0" name="Loan" tests="1" failures="0" timestamp="2021-03-15T01:12:07 IST" time="0.129" errors="0">
  <testcase name="@BeforeTest prerequiste" time="-1.615750927073E9" classname="Testingng.day2">
    <failure type="org.testng.TestNGException" message="
Parameter &amp;apos;URL&amp;apos; is required by BeforeTest on method prerequiste but has not been marked @Optional or defined
in C:\Users\Shobhit\eclipse-workspace\SeleniumWork\testng.xml">
      <![CDATA[org.testng.TestNGException: 
Parameter 'URL' is required by BeforeTest on method prerequiste but has not been marked @Optional or defined
in C:\Users\Shobhit\eclipse-workspace\SeleniumWork\testng.xml
... Removed 21 stack frames]]>
    </failure>
  </testcase> <!-- @BeforeTest prerequiste -->
  <testcase name="ploan" time="0.001" classname="Testingng.day2">
    <skipped/>
  </testcase> <!-- ploan -->
</testsuite> <!-- Loan -->
