<?xml version="1.0" encoding="UTF-8"?>
<!-- Generated by org.testng.reporters.JUnitXMLReporter -->
<testsuite hostname="DESKTOP-56T3BOV" ignored="3" name="Regression" tests="2" failures="0" timestamp="2020-02-23T22:56:49 IST" time="0.089" errors="0">
  <testcase name="smarty2" time="0.012" classname="PRC.emp1"/>
  <testcase name="smarty2" time="0.002" classname="PRC.emp2"/>
  <testcase name="smarty" time="0.0" classname="PRC.emp1">
    <ignored/>
  </testcase> <!-- smarty -->
  <testcase name="anothersmart" time="0.0" classname="PRC.emp1">
    <ignored/>
  </testcase> <!-- anothersmart -->
  <testcase name="empw" time="0.0" classname="PRC.emp2">
    <ignored/>
  </testcase> <!-- empw -->
</testsuite> <!-- Regression -->
