<?xml version="1.0" encoding="UTF-8"?>
<!-- Generated by org.testng.reporters.JUnitXMLReporter -->
<testsuite hostname="DESKTOP-56T3BOV" ignored="2" name="Car Loan" tests="10" failures="0" timestamp="2020-02-23T12:41:44 IST" time="0.077" errors="0">
  <testcase name="MobileLogincarLoan" time="0.006" classname="Testingng.day3"/>
  <testcase name="Demo" time="0.009" classname="Testingng.day1"/>
  <testcase name="ploan" time="0.003" classname="Testingng.day2"/>
  <testcase name="MobilesignoutcarLoan" time="0.002" classname="Testingng.day3"/>
  <testcase name="LoginAPIHomeLoan" time="0.004" classname="Testingng.day4"/>
  <testcase name="MobilesignoutcarLoan" time="0.002" classname="Testingng.day3"/>
  <testcase name="MobilesignoutcarLoan" time="0.001" classname="Testingng.day3"/>
  <testcase name="MobileLoginHomeLoan" time="0.003" classname="Testingng.day4"/>
  <testcase name="WebloginCarLoan" time="0.001" classname="Testingng.day3"/>
  <testcase name="WebloginHomeLoan" time="0.003" classname="Testingng.day4"/>
  <testcase name="MobilesignimcarLoan" time="0.0" classname="Testingng.day3">
    <ignored/>
  </testcase> <!-- MobilesignimcarLoan -->
  <testcase name="APIcarLoan" time="0.0" classname="Testingng.day3">
    <ignored/>
  </testcase> <!-- APIcarLoan -->
</testsuite> <!-- Car Loan -->
