<?xml version="1.0" encoding="UTF-8"?>
<!-- Generated by org.testng.reporters.JUnitXMLReporter -->
<testsuite hostname="DESKTOP-56T3BOV" ignored="0" name="Car loan" tests="9" failures="0" timestamp="2021-03-15T02:04:32 IST" time="0.07" errors="0">
  <testcase name="Demo" time="0.002" classname="Testingng.day1"/>
  <testcase name="SecondTest" time="0.002" classname="Testingng.day1"/>
  <testcase name="MobilesignoutcarLoan" time="0.003" classname="Testingng.day3"/>
  <testcase name="MobilesignoutcarLoan" time="0.002" classname="Testingng.day3"/>
  <testcase name="MobilesignoutcarLoan" time="0.002" classname="Testingng.day3"/>
  <testcase name="MobileLogincarLoan" time="0.001" classname="Testingng.day3"/>
  <testcase name="MobilesignimcarLoan" time="0.002" classname="Testingng.day3"/>
  <testcase name="WebloginCarLoan" time="0.002" classname="Testingng.day3"/>
  <testcase name="APIcarLoan" time="0.002" classname="Testingng.day3"/>
</testsuite> <!-- Car loan -->
