<?xml version="1.0" encoding="UTF-8"?>
<!-- Generated by org.testng.reporters.JUnitXMLReporter -->
<testsuite hostname="DESKTOP-56T3BOV" ignored="2" name="Personal loan" tests="9" failures="0" timestamp="2020-02-23T15:15:39 IST" time="0.113" errors="0">
  <testcase name="Bfsuite" time="0.01" classname="Testingng.day3"/>
  <testcase name="Demo" time="0.011" classname="Testingng.day1"/>
  <testcase name="MobileLogincarLoan" time="0.002" classname="Testingng.day3"/>
  <testcase name="MobilesignoutcarLoan" time="0.003" classname="Testingng.day3"/>
  <testcase name="ploan" time="0.005" classname="Testingng.day2"/>
  <testcase name="WebloginCarLoan" time="0.002" classname="Testingng.day3"/>
  <testcase name="LoginAPIHomeLoan" time="0.005" classname="Testingng.day4"/>
  <testcase name="MobileLoginHomeLoan" time="0.003" classname="Testingng.day4"/>
  <testcase name="WebloginHomeLoan" time="0.005" classname="Testingng.day4"/>
  <testcase name="SecondTest" time="0.0" classname="Testingng.day1">
    <ignored/>
  </testcase> <!-- SecondTest -->
  <testcase name="afSyite" time="0.0" classname="Testingng.day1">
    <ignored/>
  </testcase> <!-- afSyite -->
</testsuite> <!-- Personal loan -->
