<?xml version="1.0" encoding="UTF-8"?>
<!-- Generated by org.testng.reporters.JUnitXMLReporter -->
<testsuite hostname="DESKTOP-56T3BOV" ignored="0" name="Personal loan" tests="6" failures="0" timestamp="2021-03-15T02:04:32 IST" time="0.11" errors="0">
  <testcase name="plan" time="0.011" classname="Testingng.day2"/>
  <testcase name="APIHomeLoan" time="0.019" classname="Testingng.day4"/>
  <testcase name="ploan" time="0.002" classname="Testingng.day2"/>
  <testcase name="MobileLoginHomeLoan" time="0.004" classname="Testingng.day4"/>
  <testcase name="WebloginHomeLoan" time="0.003" classname="Testingng.day4"/>
  <testcase name="prerequiste" time="0.005" classname="Testingng.day2"/>
</testsuite> <!-- Personal loan -->
