<?xml version="1.0" encoding="UTF-8"?>
<testng-results skipped="0" failed="0" ignored="0" total="4" passed="4">
  <reporter-output>
  </reporter-output>
  <suite name="Suite" duration-ms="237" started-at="2021-03-15T02:20:04 IST" finished-at="2021-03-15T02:20:05 IST">
    <groups>
    </groups>
    <test name="Regression" duration-ms="181" started-at="2021-03-15T02:20:04 IST" finished-at="2021-03-15T02:20:05 IST">
      <class name="Testingng.day5">
        <test-method status="PASS" signature="Demo()[pri:0, instance:Testingng.day5@32d2fa64]" name="Demo" duration-ms="85" started-at="2021-03-15T02:20:05 IST" finished-at="2021-03-15T02:20:05 IST">
          <reporter-output>
          </reporter-output>
        </test-method> <!-- Demo -->
        <test-method status="PASS" signature="amethod()[pri:0, instance:Testingng.day5@32d2fa64]" name="amethod" is-config="true" duration-ms="0" started-at="2021-03-15T02:20:05 IST" finished-at="2021-03-15T02:20:05 IST">
          <reporter-output>
          </reporter-output>
        </test-method> <!-- amethod -->
        <test-method status="PASS" signature="SecondTest()[pri:0, instance:Testingng.day5@32d2fa64]" name="SecondTest" duration-ms="2" started-at="2021-03-15T02:20:05 IST" finished-at="2021-03-15T02:20:05 IST">
          <reporter-output>
          </reporter-output>
        </test-method> <!-- SecondTest -->
        <test-method status="PASS" signature="amethod()[pri:0, instance:Testingng.day5@32d2fa64]" name="amethod" is-config="true" duration-ms="1" started-at="2021-03-15T02:20:05 IST" finished-at="2021-03-15T02:20:05 IST">
          <reporter-output>
          </reporter-output>
        </test-method> <!-- amethod -->
        <test-method status="PASS" signature="aclass()[pri:0, instance:Testingng.day5@32d2fa64]" name="aclass" is-config="true" duration-ms="1" started-at="2021-03-15T02:20:05 IST" finished-at="2021-03-15T02:20:05 IST">
          <reporter-output>
          </reporter-output>
        </test-method> <!-- aclass -->
        <test-method status="PASS" signature="lastexecution()[pri:0, instance:Testingng.day5@32d2fa64]" name="lastexecution" is-config="true" duration-ms="0" started-at="2021-03-15T02:20:05 IST" finished-at="2021-03-15T02:20:05 IST">
          <reporter-output>
          </reporter-output>
        </test-method> <!-- lastexecution -->
      </class> <!-- Testingng.day5 -->
    </test> <!-- Regression -->
    <test name="Smoke" duration-ms="16" started-at="2021-03-15T02:20:05 IST" finished-at="2021-03-15T02:20:05 IST">
      <class name="Testingng.day6">
        <test-method status="PASS" signature="bfSyite1()[pri:0, instance:Testingng.day6@77f99a05]" name="bfSyite1" is-config="true" duration-ms="11" started-at="2021-03-15T02:20:04 IST" finished-at="2021-03-15T02:20:04 IST">
          <reporter-output>
          </reporter-output>
        </test-method> <!-- bfSyite1 -->
        <test-method status="PASS" signature="btestt()[pri:0, instance:Testingng.day6@77f99a05]" name="btestt" is-config="true" duration-ms="0" started-at="2021-03-15T02:20:05 IST" finished-at="2021-03-15T02:20:05 IST">
          <reporter-output>
          </reporter-output>
        </test-method> <!-- btestt -->
        <test-method status="PASS" signature="bclass()[pri:0, instance:Testingng.day6@77f99a05]" name="bclass" is-config="true" duration-ms="0" started-at="2021-03-15T02:20:05 IST" finished-at="2021-03-15T02:20:05 IST">
          <reporter-output>
          </reporter-output>
        </test-method> <!-- bclass -->
        <test-method status="PASS" signature="Demo1()[pri:0, instance:Testingng.day6@77f99a05]" name="Demo1" duration-ms="1" started-at="2021-03-15T02:20:05 IST" finished-at="2021-03-15T02:20:05 IST">
          <reporter-output>
          </reporter-output>
        </test-method> <!-- Demo1 -->
        <test-method status="PASS" signature="amethod()[pri:0, instance:Testingng.day6@77f99a05]" name="amethod" is-config="true" duration-ms="0" started-at="2021-03-15T02:20:05 IST" finished-at="2021-03-15T02:20:05 IST">
          <reporter-output>
          </reporter-output>
        </test-method> <!-- amethod -->
        <test-method status="PASS" signature="amethod22()[pri:0, instance:Testingng.day6@77f99a05]" name="amethod22" is-config="true" duration-ms="0" started-at="2021-03-15T02:20:05 IST" finished-at="2021-03-15T02:20:05 IST">
          <reporter-output>
          </reporter-output>
        </test-method> <!-- amethod22 -->
        <test-method status="PASS" signature="amethod()[pri:0, instance:Testingng.day6@77f99a05]" name="amethod" is-config="true" duration-ms="0" started-at="2021-03-15T02:20:05 IST" finished-at="2021-03-15T02:20:05 IST">
          <reporter-output>
          </reporter-output>
        </test-method> <!-- amethod -->
        <test-method status="PASS" signature="SecondTest()[pri:0, instance:Testingng.day6@77f99a05]" name="SecondTest" duration-ms="2" started-at="2021-03-15T02:20:05 IST" finished-at="2021-03-15T02:20:05 IST">
          <reporter-output>
          </reporter-output>
        </test-method> <!-- SecondTest -->
        <test-method status="PASS" signature="amethod22()[pri:0, instance:Testingng.day6@77f99a05]" name="amethod22" is-config="true" duration-ms="1" started-at="2021-03-15T02:20:05 IST" finished-at="2021-03-15T02:20:05 IST">
          <reporter-output>
          </reporter-output>
        </test-method> <!-- amethod22 -->
      </class> <!-- Testingng.day6 -->
      <class name="Testingng.day5">
        <test-method status="PASS" signature="afSyite()[pri:0, instance:Testingng.day5@32d2fa64]" name="afSyite" is-config="true" duration-ms="0" started-at="2021-03-15T02:20:05 IST" finished-at="2021-03-15T02:20:05 IST">
          <reporter-output>
          </reporter-output>
        </test-method> <!-- afSyite -->
      </class> <!-- Testingng.day5 -->
    </test> <!-- Smoke -->
  </suite> <!-- Suite -->
</testng-results>
